<?xml version="1.0" encoding="UTF-8"?>
<!-- Generated by org.testng.reporters.JUnitReportReporter -->
<testsuite hostname="DESKTOP-B9BAO55" failures="0" tests="2" name="PostTests.DeletePostTest" time="1.727" errors="0" timestamp="2024-10-14T17:09:42 EET" skipped="0">
  <testcase classname="PostTests.DeletePostTest" name="deletePost" time="0.789"/>
  <testcase classname="PostTests.DeletePostTest" name="delete_Post_with_invalid_ID" time="0.938"/>
</testsuite> <!-- PostTests.DeletePostTest -->
