<?xml version="1.0" encoding="UTF-8"?>
<!-- Generated by org.testng.reporters.JUnitReportReporter -->
<testsuite hostname="DESKTOP-B9BAO55" failures="0" tests="4" name="PostTests.GetPostsTest" time="3.307" errors="0" timestamp="2024-10-14T17:09:42 EET" skipped="0">
  <testcase classname="PostTests.GetPostsTest" name="ValidateKeysInPosts" time="1.011"/>
  <testcase classname="PostTests.GetPostsTest" name="getSinglePostUsingId" time="0.932"/>
  <testcase classname="PostTests.GetPostsTest" name="getPostUsingTitle" time="0.744"/>
  <testcase classname="PostTests.GetPostsTest" name="getPostsOfSpecificUser" time="0.620"/>
</testsuite> <!-- PostTests.GetPostsTest -->
