<?xml version="1.0" encoding="UTF-8"?>
<!-- Generated by org.testng.reporters.JUnitReportReporter -->
<testsuite hostname="DESKTOP-B9BAO55" failures="0" tests="3" name="PostTests.CreatePostTests" time="3.998" errors="0" timestamp="2024-10-14T17:09:42 EET" skipped="0">
  <testcase classname="PostTests.CreatePostTests" name="createNewPost" time="0.879"/>
  <testcase classname="PostTests.CreatePostTests" name="CreatePostWithEmptyBody" time="1.002"/>
  <testcase classname="PostTests.CreatePostTests" name="CreatePostWithDoesNotExistedUser" time="2.117"/>
</testsuite> <!-- PostTests.CreatePostTests -->
